nohup: ignoring input

> week2-portfolio-database@2.0.0 dev
> next dev --turbopack

   ▲ Next.js 15.5.7 (Turbopack)
   - Local:        http://localhost:3000
   - Network:      http://10.0.0.85:3000
   - Environments: .env

 ✓ Starting...
 ✓ Ready in 1018ms
 ○ Compiling /api/projects ...
 ✓ Compiled /api/projects in 1511ms
 GET /api/projects 200 in 2100ms
 GET /api/projects 200 in 315ms
 GET /api/projects 200 in 361ms
 GET /api/projects 200 in 311ms
 POST /api/projects 201 in 316ms
 POST /api/projects 201 in 300ms
 POST /api/projects 400 in 287ms
 ✓ Compiled /api/projects/[id] in 104ms
Error: Route "/api/projects/[id]" used `params.id`. `params` should be awaited before using its properties. Learn more: https://nextjs.org/docs/messages/sync-dynamic-apis
    at GET (app\api\projects\[id]\route.js:8:32)
   6 | export async function GET(request, { params }) {
   7 |   try {
>  8 |     const id = parseInt(params.id);
     |                                ^
   9 |     
  10 |     // Validate that id is a number
  11 |     if (isNaN(id)) {
 GET /api/projects/774 200 in 1218ms
Error: Route "/api/projects/[id]" used `params.id`. `params` should be awaited before using its properties. Learn more: https://nextjs.org/docs/messages/sync-dynamic-apis
    at GET (app\api\projects\[id]\route.js:8:32)
   6 | export async function GET(request, { params }) {
   7 |   try {
>  8 |     const id = parseInt(params.id);
     |                                ^
   9 |     
  10 |     // Validate that id is a number
  11 |     if (isNaN(id)) {
 GET /api/projects/99999 404 in 369ms
Error: Route "/api/projects/[id]" used `params.id`. `params` should be awaited before using its properties. Learn more: https://nextjs.org/docs/messages/sync-dynamic-apis
    at GET (app\api\projects\[id]\route.js:8:32)
   6 | export async function GET(request, { params }) {
   7 |   try {
>  8 |     const id = parseInt(params.id);
     |                                ^
   9 |     
  10 |     // Validate that id is a number
  11 |     if (isNaN(id)) {
 GET /api/projects/invalid-id 400 in 306ms
Error: Route "/api/projects/[id]" used `params.id`. `params` should be awaited before using its properties. Learn more: https://nextjs.org/docs/messages/sync-dynamic-apis
    at PUT (app\api\projects\[id]\route.js:41:32)
  39 | export async function PUT(request, { params }) {
  40 |   try {
> 41 |     const id = parseInt(params.id);
     |                                ^
  42 |     
  43 |     if (isNaN(id)) {
  44 |       return NextResponse.json(
 PUT /api/projects/775 200 in 396ms
Error: Route "/api/projects/[id]" used `params.id`. `params` should be awaited before using its properties. Learn more: https://nextjs.org/docs/messages/sync-dynamic-apis
    at PUT (app\api\projects\[id]\route.js:41:32)
  39 | export async function PUT(request, { params }) {
  40 |   try {
> 41 |     const id = parseInt(params.id);
     |                                ^
  42 |     
  43 |     if (isNaN(id)) {
  44 |       return NextResponse.json(
 PUT /api/projects/99999 404 in 322ms
Error: Route "/api/projects/[id]" used `params.id`. `params` should be awaited before using its properties. Learn more: https://nextjs.org/docs/messages/sync-dynamic-apis
    at DELETE (app\api\projects\[id]\route.js:82:32)
  80 | export async function DELETE(request, { params }) {
  81 |   try {
> 82 |     const id = parseInt(params.id);
     |                                ^
  83 |     
  84 |     if (isNaN(id)) {
  85 |       return NextResponse.json(
 DELETE /api/projects/776 200 in 370ms
Error: Route "/api/projects/[id]" used `params.id`. `params` should be awaited before using its properties. Learn more: https://nextjs.org/docs/messages/sync-dynamic-apis
    at DELETE (app\api\projects\[id]\route.js:82:32)
  80 | export async function DELETE(request, { params }) {
  81 |   try {
> 82 |     const id = parseInt(params.id);
     |                                ^
  83 |     
  84 |     if (isNaN(id)) {
  85 |       return NextResponse.json(
 DELETE /api/projects/99999 404 in 330ms
 GET /api/projects 200 in 312ms
 GET /api/projects 200 in 295ms
 GET /api/projects 200 in 304ms
 POST /api/projects 201 in 303ms
 POST /api/projects 201 in 289ms
 POST /api/projects 400 in 285ms
Error: Route "/api/projects/[id]" used `params.id`. `params` should be awaited before using its properties. Learn more: https://nextjs.org/docs/messages/sync-dynamic-apis
    at GET (app\api\projects\[id]\route.js:8:32)
   6 | export async function GET(request, { params }) {
   7 |   try {
>  8 |     const id = parseInt(params.id);
     |                                ^
   9 |     
  10 |     // Validate that id is a number
  11 |     if (isNaN(id)) {
 GET /api/projects/812 200 in 374ms
Error: Route "/api/projects/[id]" used `params.id`. `params` should be awaited before using its properties. Learn more: https://nextjs.org/docs/messages/sync-dynamic-apis
    at GET (app\api\projects\[id]\route.js:8:32)
   6 | export async function GET(request, { params }) {
   7 |   try {
>  8 |     const id = parseInt(params.id);
     |                                ^
   9 |     
  10 |     // Validate that id is a number
  11 |     if (isNaN(id)) {
 GET /api/projects/99999 404 in 336ms
Error: Route "/api/projects/[id]" used `params.id`. `params` should be awaited before using its properties. Learn more: https://nextjs.org/docs/messages/sync-dynamic-apis
    at GET (app\api\projects\[id]\route.js:8:32)
   6 | export async function GET(request, { params }) {
   7 |   try {
>  8 |     const id = parseInt(params.id);
     |                                ^
   9 |     
  10 |     // Validate that id is a number
  11 |     if (isNaN(id)) {
 GET /api/projects/invalid-id 400 in 317ms
Error: Route "/api/projects/[id]" used `params.id`. `params` should be awaited before using its properties. Learn more: https://nextjs.org/docs/messages/sync-dynamic-apis
    at PUT (app\api\projects\[id]\route.js:41:32)
  39 | export async function PUT(request, { params }) {
  40 |   try {
> 41 |     const id = parseInt(params.id);
     |                                ^
  42 |     
  43 |     if (isNaN(id)) {
  44 |       return NextResponse.json(
 PUT /api/projects/813 200 in 373ms
Error: Route "/api/projects/[id]" used `params.id`. `params` should be awaited before using its properties. Learn more: https://nextjs.org/docs/messages/sync-dynamic-apis
    at PUT (app\api\projects\[id]\route.js:41:32)
  39 | export async function PUT(request, { params }) {
  40 |   try {
> 41 |     const id = parseInt(params.id);
     |                                ^
  42 |     
  43 |     if (isNaN(id)) {
  44 |       return NextResponse.json(
 PUT /api/projects/99999 404 in 347ms
Error: Route "/api/projects/[id]" used `params.id`. `params` should be awaited before using its properties. Learn more: https://nextjs.org/docs/messages/sync-dynamic-apis
    at DELETE (app\api\projects\[id]\route.js:82:32)
  80 | export async function DELETE(request, { params }) {
  81 |   try {
> 82 |     const id = parseInt(params.id);
     |                                ^
  83 |     
  84 |     if (isNaN(id)) {
  85 |       return NextResponse.json(
 DELETE /api/projects/814 200 in 362ms
Error: Route "/api/projects/[id]" used `params.id`. `params` should be awaited before using its properties. Learn more: https://nextjs.org/docs/messages/sync-dynamic-apis
    at DELETE (app\api\projects\[id]\route.js:82:32)
  80 | export async function DELETE(request, { params }) {
  81 |   try {
> 82 |     const id = parseInt(params.id);
     |                                ^
  83 |     
  84 |     if (isNaN(id)) {
  85 |       return NextResponse.json(
 DELETE /api/projects/99999 404 in 364ms
 GET /api/projects 200 in 396ms
 GET /api/projects 200 in 623ms
 GET /api/projects 200 in 363ms
 POST /api/projects 201 in 376ms
 POST /api/projects 201 in 345ms
 POST /api/projects 400 in 333ms
Error: Route "/api/projects/[id]" used `params.id`. `params` should be awaited before using its properties. Learn more: https://nextjs.org/docs/messages/sync-dynamic-apis
    at GET (app\api\projects\[id]\route.js:8:32)
   6 | export async function GET(request, { params }) {
   7 |   try {
>  8 |     const id = parseInt(params.id);
     |                                ^
   9 |     
  10 |     // Validate that id is a number
  11 |     if (isNaN(id)) {
 GET /api/projects/850 200 in 467ms
Error: Route "/api/projects/[id]" used `params.id`. `params` should be awaited before using its properties. Learn more: https://nextjs.org/docs/messages/sync-dynamic-apis
    at GET (app\api\projects\[id]\route.js:8:32)
   6 | export async function GET(request, { params }) {
   7 |   try {
>  8 |     const id = parseInt(params.id);
     |                                ^
   9 |     
  10 |     // Validate that id is a number
  11 |     if (isNaN(id)) {
 GET /api/projects/99999 404 in 440ms
Error: Route "/api/projects/[id]" used `params.id`. `params` should be awaited before using its properties. Learn more: https://nextjs.org/docs/messages/sync-dynamic-apis
    at GET (app\api\projects\[id]\route.js:8:32)
   6 | export async function GET(request, { params }) {
   7 |   try {
>  8 |     const id = parseInt(params.id);
     |                                ^
   9 |     
  10 |     // Validate that id is a number
  11 |     if (isNaN(id)) {
 GET /api/projects/invalid-id 400 in 406ms
Error: Route "/api/projects/[id]" used `params.id`. `params` should be awaited before using its properties. Learn more: https://nextjs.org/docs/messages/sync-dynamic-apis
    at PUT (app\api\projects\[id]\route.js:41:32)
  39 | export async function PUT(request, { params }) {
  40 |   try {
> 41 |     const id = parseInt(params.id);
     |                                ^
  42 |     
  43 |     if (isNaN(id)) {
  44 |       return NextResponse.json(
 PUT /api/projects/851 200 in 435ms
Error: Route "/api/projects/[id]" used `params.id`. `params` should be awaited before using its properties. Learn more: https://nextjs.org/docs/messages/sync-dynamic-apis
    at PUT (app\api\projects\[id]\route.js:41:32)
  39 | export async function PUT(request, { params }) {
  40 |   try {
> 41 |     const id = parseInt(params.id);
     |                                ^
  42 |     
  43 |     if (isNaN(id)) {
  44 |       return NextResponse.json(
 PUT /api/projects/99999 404 in 400ms
Error: Route "/api/projects/[id]" used `params.id`. `params` should be awaited before using its properties. Learn more: https://nextjs.org/docs/messages/sync-dynamic-apis
    at DELETE (app\api\projects\[id]\route.js:82:32)
  80 | export async function DELETE(request, { params }) {
  81 |   try {
> 82 |     const id = parseInt(params.id);
     |                                ^
  83 |     
  84 |     if (isNaN(id)) {
  85 |       return NextResponse.json(
 DELETE /api/projects/852 200 in 504ms
Error: Route "/api/projects/[id]" used `params.id`. `params` should be awaited before using its properties. Learn more: https://nextjs.org/docs/messages/sync-dynamic-apis
    at DELETE (app\api\projects\[id]\route.js:82:32)
  80 | export async function DELETE(request, { params }) {
  81 |   try {
> 82 |     const id = parseInt(params.id);
     |                                ^
  83 |     
  84 |     if (isNaN(id)) {
  85 |       return NextResponse.json(
 DELETE /api/projects/99999 404 in 430ms
 GET /api/projects 200 in 831ms
 GET /api/projects 200 in 494ms
 GET /api/projects 200 in 356ms
 POST /api/projects 201 in 362ms
 POST /api/projects 201 in 356ms
 POST /api/projects 400 in 347ms
Error: Route "/api/projects/[id]" used `params.id`. `params` should be awaited before using its properties. Learn more: https://nextjs.org/docs/messages/sync-dynamic-apis
    at GET (app\api\projects\[id]\route.js:8:32)
   6 | export async function GET(request, { params }) {
   7 |   try {
>  8 |     const id = parseInt(params.id);
     |                                ^
   9 |     
  10 |     // Validate that id is a number
  11 |     if (isNaN(id)) {
 GET /api/projects/888 200 in 570ms
Error: Route "/api/projects/[id]" used `params.id`. `params` should be awaited before using its properties. Learn more: https://nextjs.org/docs/messages/sync-dynamic-apis
    at GET (app\api\projects\[id]\route.js:8:32)
   6 | export async function GET(request, { params }) {
   7 |   try {
>  8 |     const id = parseInt(params.id);
     |                                ^
   9 |     
  10 |     // Validate that id is a number
  11 |     if (isNaN(id)) {
 GET /api/projects/99999 404 in 426ms
Error: Route "/api/projects/[id]" used `params.id`. `params` should be awaited before using its properties. Learn more: https://nextjs.org/docs/messages/sync-dynamic-apis
    at GET (app\api\projects\[id]\route.js:8:32)
   6 | export async function GET(request, { params }) {
   7 |   try {
>  8 |     const id = parseInt(params.id);
     |                                ^
   9 |     
  10 |     // Validate that id is a number
  11 |     if (isNaN(id)) {
 GET /api/projects/invalid-id 400 in 404ms
Error: Route "/api/projects/[id]" used `params.id`. `params` should be awaited before using its properties. Learn more: https://nextjs.org/docs/messages/sync-dynamic-apis
    at PUT (app\api\projects\[id]\route.js:41:32)
  39 | export async function PUT(request, { params }) {
  40 |   try {
> 41 |     const id = parseInt(params.id);
     |                                ^
  42 |     
  43 |     if (isNaN(id)) {
  44 |       return NextResponse.json(
 PUT /api/projects/889 200 in 493ms
Error: Route "/api/projects/[id]" used `params.id`. `params` should be awaited before using its properties. Learn more: https://nextjs.org/docs/messages/sync-dynamic-apis
    at PUT (app\api\projects\[id]\route.js:41:32)
  39 | export async function PUT(request, { params }) {
  40 |   try {
> 41 |     const id = parseInt(params.id);
     |                                ^
  42 |     
  43 |     if (isNaN(id)) {
  44 |       return NextResponse.json(
 PUT /api/projects/99999 404 in 435ms
Error: Route "/api/projects/[id]" used `params.id`. `params` should be awaited before using its properties. Learn more: https://nextjs.org/docs/messages/sync-dynamic-apis
    at DELETE (app\api\projects\[id]\route.js:82:32)
  80 | export async function DELETE(request, { params }) {
  81 |   try {
> 82 |     const id = parseInt(params.id);
     |                                ^
  83 |     
  84 |     if (isNaN(id)) {
  85 |       return NextResponse.json(
 DELETE /api/projects/890 200 in 464ms
Error: Route "/api/projects/[id]" used `params.id`. `params` should be awaited before using its properties. Learn more: https://nextjs.org/docs/messages/sync-dynamic-apis
    at DELETE (app\api\projects\[id]\route.js:82:32)
  80 | export async function DELETE(request, { params }) {
  81 |   try {
> 82 |     const id = parseInt(params.id);
     |                                ^
  83 |     
  84 |     if (isNaN(id)) {
  85 |       return NextResponse.json(
 DELETE /api/projects/99999 404 in 458ms
 GET /api/projects 200 in 384ms
 GET /api/projects 200 in 360ms
 GET /api/projects 200 in 409ms
 POST /api/projects 201 in 338ms
 POST /api/projects 201 in 406ms
 POST /api/projects 400 in 325ms
Error: Route "/api/projects/[id]" used `params.id`. `params` should be awaited before using its properties. Learn more: https://nextjs.org/docs/messages/sync-dynamic-apis
    at GET (app\api\projects\[id]\route.js:8:32)
   6 | export async function GET(request, { params }) {
   7 |   try {
>  8 |     const id = parseInt(params.id);
     |                                ^
   9 |     
  10 |     // Validate that id is a number
  11 |     if (isNaN(id)) {
 GET /api/projects/923 200 in 480ms
Error: Route "/api/projects/[id]" used `params.id`. `params` should be awaited before using its properties. Learn more: https://nextjs.org/docs/messages/sync-dynamic-apis
    at GET (app\api\projects\[id]\route.js:8:32)
   6 | export async function GET(request, { params }) {
   7 |   try {
>  8 |     const id = parseInt(params.id);
     |                                ^
   9 |     
  10 |     // Validate that id is a number
  11 |     if (isNaN(id)) {
 GET /api/projects/99999 404 in 403ms
Error: Route "/api/projects/[id]" used `params.id`. `params` should be awaited before using its properties. Learn more: https://nextjs.org/docs/messages/sync-dynamic-apis
    at GET (app\api\projects\[id]\route.js:8:32)
   6 | export async function GET(request, { params }) {
   7 |   try {
>  8 |     const id = parseInt(params.id);
     |                                ^
   9 |     
  10 |     // Validate that id is a number
  11 |     if (isNaN(id)) {
 GET /api/projects/invalid-id 400 in 433ms
Error: Route "/api/projects/[id]" used `params.id`. `params` should be awaited before using its properties. Learn more: https://nextjs.org/docs/messages/sync-dynamic-apis
    at PUT (app\api\projects\[id]\route.js:41:32)
  39 | export async function PUT(request, { params }) {
  40 |   try {
> 41 |     const id = parseInt(params.id);
     |                                ^
  42 |     
  43 |     if (isNaN(id)) {
  44 |       return NextResponse.json(
 PUT /api/projects/927 200 in 427ms
Error: Route "/api/projects/[id]" used `params.id`. `params` should be awaited before using its properties. Learn more: https://nextjs.org/docs/messages/sync-dynamic-apis
    at PUT (app\api\projects\[id]\route.js:41:32)
  39 | export async function PUT(request, { params }) {
  40 |   try {
> 41 |     const id = parseInt(params.id);
     |                                ^
  42 |     
  43 |     if (isNaN(id)) {
  44 |       return NextResponse.json(
 PUT /api/projects/99999 404 in 404ms
Error: Route "/api/projects/[id]" used `params.id`. `params` should be awaited before using its properties. Learn more: https://nextjs.org/docs/messages/sync-dynamic-apis
    at DELETE (app\api\projects\[id]\route.js:82:32)
  80 | export async function DELETE(request, { params }) {
  81 |   try {
> 82 |     const id = parseInt(params.id);
     |                                ^
  83 |     
  84 |     if (isNaN(id)) {
  85 |       return NextResponse.json(
 DELETE /api/projects/928 200 in 435ms
Error: Route "/api/projects/[id]" used `params.id`. `params` should be awaited before using its properties. Learn more: https://nextjs.org/docs/messages/sync-dynamic-apis
    at DELETE (app\api\projects\[id]\route.js:82:32)
  80 | export async function DELETE(request, { params }) {
  81 |   try {
> 82 |     const id = parseInt(params.id);
     |                                ^
  83 |     
  84 |     if (isNaN(id)) {
  85 |       return NextResponse.json(
 DELETE /api/projects/99999 404 in 443ms
 GET /api/projects 200 in 598ms
 GET /api/projects 200 in 330ms
 GET /api/projects 200 in 343ms
 POST /api/projects 201 in 347ms
 POST /api/projects 201 in 320ms
 POST /api/projects 400 in 290ms
Error: Route "/api/projects/[id]" used `params.id`. `params` should be awaited before using its properties. Learn more: https://nextjs.org/docs/messages/sync-dynamic-apis
    at GET (app\api\projects\[id]\route.js:8:32)
   6 | export async function GET(request, { params }) {
   7 |   try {
>  8 |     const id = parseInt(params.id);
     |                                ^
   9 |     
  10 |     // Validate that id is a number
  11 |     if (isNaN(id)) {
 GET /api/projects/991 200 in 615ms
Error: Route "/api/projects/[id]" used `params.id`. `params` should be awaited before using its properties. Learn more: https://nextjs.org/docs/messages/sync-dynamic-apis
    at GET (app\api\projects\[id]\route.js:8:32)
   6 | export async function GET(request, { params }) {
   7 |   try {
>  8 |     const id = parseInt(params.id);
     |                                ^
   9 |     
  10 |     // Validate that id is a number
  11 |     if (isNaN(id)) {
 GET /api/projects/99999 404 in 342ms
Error: Route "/api/projects/[id]" used `params.id`. `params` should be awaited before using its properties. Learn more: https://nextjs.org/docs/messages/sync-dynamic-apis
    at GET (app\api\projects\[id]\route.js:8:32)
   6 | export async function GET(request, { params }) {
   7 |   try {
>  8 |     const id = parseInt(params.id);
     |                                ^
   9 |     
  10 |     // Validate that id is a number
  11 |     if (isNaN(id)) {
 GET /api/projects/invalid-id 400 in 331ms
Error: Route "/api/projects/[id]" used `params.id`. `params` should be awaited before using its properties. Learn more: https://nextjs.org/docs/messages/sync-dynamic-apis
    at PUT (app\api\projects\[id]\route.js:41:32)
  39 | export async function PUT(request, { params }) {
  40 |   try {
> 41 |     const id = parseInt(params.id);
     |                                ^
  42 |     
  43 |     if (isNaN(id)) {
  44 |       return NextResponse.json(
 PUT /api/projects/995 200 in 434ms
Error: Route "/api/projects/[id]" used `params.id`. `params` should be awaited before using its properties. Learn more: https://nextjs.org/docs/messages/sync-dynamic-apis
    at PUT (app\api\projects\[id]\route.js:41:32)
  39 | export async function PUT(request, { params }) {
  40 |   try {
> 41 |     const id = parseInt(params.id);
     |                                ^
  42 |     
  43 |     if (isNaN(id)) {
  44 |       return NextResponse.json(
 PUT /api/projects/99999 404 in 371ms
Error: Route "/api/projects/[id]" used `params.id`. `params` should be awaited before using its properties. Learn more: https://nextjs.org/docs/messages/sync-dynamic-apis
    at DELETE (app\api\projects\[id]\route.js:82:32)
  80 | export async function DELETE(request, { params }) {
  81 |   try {
> 82 |     const id = parseInt(params.id);
     |                                ^
  83 |     
  84 |     if (isNaN(id)) {
  85 |       return NextResponse.json(
 DELETE /api/projects/996 200 in 426ms
Error: Route "/api/projects/[id]" used `params.id`. `params` should be awaited before using its properties. Learn more: https://nextjs.org/docs/messages/sync-dynamic-apis
    at DELETE (app\api\projects\[id]\route.js:82:32)
  80 | export async function DELETE(request, { params }) {
  81 |   try {
> 82 |     const id = parseInt(params.id);
     |                                ^
  83 |     
  84 |     if (isNaN(id)) {
  85 |       return NextResponse.json(
 DELETE /api/projects/99999 404 in 380ms
